<?xml version="1.0" encoding="UTF-8"?>
<!-- Generated by org.testng.reporters.JUnitXMLReporter -->
<testsuite hostname="DESKTOP-C3E06PS" name="registerTest" tests="4" failures="1" timestamp="11 Sep 2020 03:21:01 GMT" time="14.947" errors="0">
  <testcase name="failtest" time="1.243" classname="com.t.webauto.web.RegisterPage2"/>
  <testcase name="failtest" time="0.9" classname="com.t.webauto.web.RegisterPage2"/>
  <testcase name="failtest" time="0.999" classname="com.t.webauto.web.RegisterPage2"/>
  <testcase name="failtest" time="0.897" classname="com.t.webauto.web.RegisterPage2">
    <failure type="org.openqa.selenium.WebDriverException" message="Element is not clickable at point (411.08331298828125, 473.8999938964844). Other element would receive the click: &amp;lt;a class=&amp;quot;&amp;quot; href=&amp;quot;javascript:;&amp;quot; onmouseover=&amp;quot;emailMenuOp(5)&amp;quot; onclick=&amp;quot;$(stmp[&amp;apos;email&amp;apos;]).value=this.innerHTML;display(&amp;apos;emailmore_menu&amp;apos;);checkemail(stmp[&amp;apos;email&amp;apos;]);&amp;quot;&amp;gt;&amp;lt;/a&amp;gt;
Command duration or timeout: 81 milliseconds
Build info: version: &amp;apos;2.53.0&amp;apos;, revision: &amp;apos;35ae25b1534ae328c771e0856c93e187490ca824&amp;apos;, time: &amp;apos;2016-03-15 10:43:46&amp;apos;
System info: host: &amp;apos;DESKTOP-C3E06PS&amp;apos;, ip: &amp;apos;169.254.138.216&amp;apos;, os.name: &amp;apos;Windows 10&amp;apos;, os.arch: &amp;apos;amd64&amp;apos;, os.version: &amp;apos;10.0&amp;apos;, java.version: &amp;apos;1.8.0_152&amp;apos;
Driver info: org.openqa.selenium.firefox.FirefoxDriver
Capabilities [{applicationCacheEnabled=true, rotatable=false, handlesAlerts=true, databaseEnabled=true, version=46.0, platform=WINDOWS, nativeEvents=false, acceptSslCerts=true, webStorageEnabled=true, locationContextEnabled=true, browserName=firefox, takesScreenshot=true, javascriptEnabled=true, cssSelectorsEnabled=true}]
Session ID: 9e90cbef-c2d5-4709-b201-a66edbf4b48b">
      <![CDATA[org.openqa.selenium.WebDriverException: Element is not clickable at point (411.08331298828125, 473.8999938964844). Other element would receive the click: <a class="" href="javascript:;" onmouseover="emailMenuOp(5)" onclick="$(stmp['email']).value=this.innerHTML;display('emailmore_menu');checkemail(stmp['email']);"></a>
Command duration or timeout: 81 milliseconds
Build info: version: '2.53.0', revision: '35ae25b1534ae328c771e0856c93e187490ca824', time: '2016-03-15 10:43:46'
System info: host: 'DESKTOP-C3E06PS', ip: '169.254.138.216', os.name: 'Windows 10', os.arch: 'amd64', os.version: '10.0', java.version: '1.8.0_152'
Driver info: org.openqa.selenium.firefox.FirefoxDriver
Capabilities [{applicationCacheEnabled=true, rotatable=false, handlesAlerts=true, databaseEnabled=true, version=46.0, platform=WINDOWS, nativeEvents=false, acceptSslCerts=true, webStorageEnabled=true, locationContextEnabled=true, browserName=firefox, takesScreenshot=true, javascriptEnabled=true, cssSelectorsEnabled=true}]
Session ID: 9e90cbef-c2d5-4709-b201-a66edbf4b48b
	at org.openqa.selenium.remote.ErrorHandler.createThrowable(ErrorHandler.java:206)
	at org.openqa.selenium.remote.ErrorHandler.throwIfResponseFailed(ErrorHandler.java:158)
	at org.openqa.selenium.remote.RemoteWebDriver.execute(RemoteWebDriver.java:678)
	at org.openqa.selenium.remote.RemoteWebElement.execute(RemoteWebElement.java:327)
	at org.openqa.selenium.remote.RemoteWebElement.click(RemoteWebElement.java:85)
	at com.t.webauto.web.RegisterPage2.click(RegisterPage2.java:109)
	at com.t.webauto.web.RegisterPage2.failtest(RegisterPage2.java:44)
... Removed 28 stack frames]]>
    </failure>
  </testcase> <!-- failtest -->
</testsuite> <!-- registerTest -->
