<?xml version="1.0" encoding="UTF-8" ?>
<testsuite tests="4" failures="1" name="TestSuite" time="32.081" errors="0" skipped="0">
  <properties>
[...]
</properties>
  <testcase classname="com.t.webauto.web.RegisterPage2" name="failtest" time="1.15"/>
  <testcase classname="com.t.webauto.web.RegisterPage2" name="failtest" time="1.039"/>
  <testcase classname="com.t.webauto.web.RegisterPage2" name="failtest" time="1.147"/>
  <testcase classname="com.t.webauto.web.RegisterPage2" name="failtest" time="0.912">
    <failure message="Element is not clickable at point (411.08331298828125, 473.8999938964844). Other element would receive the click: &lt;a class=&quot;&quot; href=&quot;javascript:;&quot; onmouseover=&quot;emailMenuOp(5)&quot; onclick=&quot;$(stmp[&apos;email&apos;]).value=this.innerHTML;display(&apos;emailmore_menu&apos;);checkemail(stmp[&apos;email&apos;]);&quot;&gt;&lt;/a&gt;
Command duration or timeout: 79 milliseconds
Build info: version: &apos;2.53.0&apos;, revision: &apos;35ae25b1534ae328c771e0856c93e187490ca824&apos;, time: &apos;2016-03-15 10:43:46&apos;
System info: host: &apos;DESKTOP-C3E06PS&apos;, ip: &apos;169.254.138.216&apos;, os.name: &apos;Windows 10&apos;, os.arch: &apos;amd64&apos;, os.version: &apos;10.0&apos;, java.version: &apos;1.8.0_152&apos;
Driver info: org.openqa.selenium.firefox.FirefoxDriver
Capabilities [{applicationCacheEnabled=true, rotatable=false, handlesAlerts=true, databaseEnabled=true, version=46.0, platform=WINDOWS, nativeEvents=false, acceptSslCerts=true, webStorageEnabled=true, locationContextEnabled=true, browserName=firefox, takesScreenshot=true, javascriptEnabled=true, cssSelectorsEnabled=true}]
Session ID: ec3f382a-f112-48f7-8cc6-04530b282f61" type="org.openqa.selenium.WebDriverException">org.openqa.selenium.WebDriverException: Element is not clickable at point (411.08331298828125, 473.8999938964844). Other element would receive the click: &lt;a class=&quot;&quot; href=&quot;javascript:;&quot; onmouseover=&quot;emailMenuOp(5)&quot; onclick=&quot;$(stmp[&apos;email&apos;]).value=this.innerHTML;display(&apos;emailmore_menu&apos;);checkemail(stmp[&apos;email&apos;]);&quot;&gt;&lt;/a&gt;
Command duration or timeout: 79 milliseconds
Build info: version: &apos;2.53.0&apos;, revision: &apos;35ae25b1534ae328c771e0856c93e187490ca824&apos;, time: &apos;2016-03-15 10:43:46&apos;
System info: host: &apos;DESKTOP-C3E06PS&apos;, ip: &apos;169.254.138.216&apos;, os.name: &apos;Windows 10&apos;, os.arch: &apos;amd64&apos;, os.version: &apos;10.0&apos;, java.version: &apos;1.8.0_152&apos;
Driver info: org.openqa.selenium.firefox.FirefoxDriver
Capabilities [{applicationCacheEnabled=true, rotatable=false, handlesAlerts=true, databaseEnabled=true, version=46.0, platform=WINDOWS, nativeEvents=false, acceptSslCerts=true, webStorageEnabled=true, locationContextEnabled=true, browserName=firefox, takesScreenshot=true, javascriptEnabled=true, cssSelectorsEnabled=true}]
Session ID: ec3f382a-f112-48f7-8cc6-04530b282f61
	at sun.reflect.NativeConstructorAccessorImpl.newInstance0(Native Method)
	at sun.reflect.NativeConstructorAccessorImpl.newInstance(NativeConstructorAccessorImpl.java:62)
	at sun.reflect.DelegatingConstructorAccessorImpl.newInstance(DelegatingConstructorAccessorImpl.java:45)
	at java.lang.reflect.Constructor.newInstance(Constructor.java:423)
	at org.openqa.selenium.remote.ErrorHandler.createThrowable(ErrorHandler.java:206)
	at org.openqa.selenium.remote.ErrorHandler.throwIfResponseFailed(ErrorHandler.java:158)
	at org.openqa.selenium.remote.RemoteWebDriver.execute(RemoteWebDriver.java:678)
	at org.openqa.selenium.remote.RemoteWebElement.execute(RemoteWebElement.java:327)
	at org.openqa.selenium.remote.RemoteWebElement.click(RemoteWebElement.java:85)
	at com.t.webauto.web.RegisterPage2.click(RegisterPage2.java:109)
	at com.t.webauto.web.RegisterPage2.failtest(RegisterPage2.java:44)
</failure>
    <system-out>[INFO] 2020-09-11 11:10:08 method: com.t.webauto.utils.Base.get(Base.java:237)----访问页面http://localhost:8088/Discuz/upload/member.php?mod=register
[INFO] 2020-09-11 11:10:08 method: com.t.webauto.utils.Base.getElement(Base.java:118)----获取【注册页】 上的 【用户名输入框】： {&apos;by&apos;,&apos;id&apos;},{&apos;value&apos;,&apos;tRYSs0&apos;}
[INFO] 2020-09-11 11:10:08 method: com.t.webauto.utils.Base.getElement(Base.java:162)----获取【注册页】 上的 【用户名输入框】： {&apos;by&apos;,&apos;id&apos;},{&apos;value&apos;,&apos;tRYSs0&apos;}【成功】
[INFO] 2020-09-11 11:10:09 method: com.t.webauto.utils.Base.getElement(Base.java:118)----获取【注册页】 上的 【密码输入框】： {&apos;by&apos;,&apos;id&apos;},{&apos;value&apos;,&apos;dgfvkp&apos;}
[INFO] 2020-09-11 11:10:09 method: com.t.webauto.utils.Base.getElement(Base.java:162)----获取【注册页】 上的 【密码输入框】： {&apos;by&apos;,&apos;id&apos;},{&apos;value&apos;,&apos;dgfvkp&apos;}【成功】
[INFO] 2020-09-11 11:10:09 method: com.t.webauto.utils.Base.getElement(Base.java:118)----获取【注册页】 上的 【请确认密码】： {&apos;by&apos;,&apos;id&apos;},{&apos;value&apos;,&apos;Qz45kX&apos;}
[INFO] 2020-09-11 11:10:09 method: com.t.webauto.utils.Base.getElement(Base.java:162)----获取【注册页】 上的 【请确认密码】： {&apos;by&apos;,&apos;id&apos;},{&apos;value&apos;,&apos;Qz45kX&apos;}【成功】
[INFO] 2020-09-11 11:10:09 method: com.t.webauto.utils.Base.getElement(Base.java:118)----获取【注册页】 上的 【邮件输入框】： {&apos;by&apos;,&apos;id&apos;},{&apos;value&apos;,&apos;GciA35&apos;}
[INFO] 2020-09-11 11:10:09 method: com.t.webauto.utils.Base.getElement(Base.java:162)----获取【注册页】 上的 【邮件输入框】： {&apos;by&apos;,&apos;id&apos;},{&apos;value&apos;,&apos;GciA35&apos;}【成功】
[INFO] 2020-09-11 11:10:09 method: com.t.webauto.utils.Base.getElement(Base.java:118)----获取【注册页】 上的 【注册按钮】： {&apos;by&apos;,&apos;id&apos;},{&apos;value&apos;,&apos;registerformsubmit&apos;}
[INFO] 2020-09-11 11:10:09 method: com.t.webauto.utils.Base.getElement(Base.java:162)----获取【注册页】 上的 【注册按钮】： {&apos;by&apos;,&apos;id&apos;},{&apos;value&apos;,&apos;registerformsubmit&apos;}【成功】
</system-out>
  </testcase>
</testsuite>