<?xml version="1.0" encoding="UTF-8"?>
<testng-results skipped="0" failed="1" total="4" passed="3">
  <reporter-output>
    <line>
      <![CDATA[<img src='http://localhost:8088/surefire-reports/screenshot/registerTest/2020-09-11/1599794460964.jpg' width='100' height='100'><a href='http://localhost:8088/surefire-reports/screenshot/registerTest/2020-09-11/1599794460964.jpg' target='_blank'>查看大图 </a></img>]]>
    </line>
    <line>
      <![CDATA[<img src='http://localhost:8088/surefire-reports/screenshot/registerTest/2020-09-11/1599794461097.jpg' width='100' height='100'><a href='http://localhost:8088/surefire-reports/screenshot/registerTest/2020-09-11/1599794461097.jpg' target='_blank'>查看大图 </a></img>]]>
    </line>
  </reporter-output>
  <suite name="后台管理系统" duration-ms="14947" started-at="2020-09-11T03:20:46Z" finished-at="2020-09-11T03:21:01Z">
    <groups>
    </groups>
    <test name="registerTest" duration-ms="14947" started-at="2020-09-11T03:20:46Z" finished-at="2020-09-11T03:21:01Z">
      <class name="com.t.webauto.web.RegisterPage2">
        <test-method status="PASS" signature="init(java.lang.String, java.lang.String, java.lang.String)[pri:0, instance:com.t.webauto.web.RegisterPage2@6b57696f]" name="init" is-config="true" duration-ms="9795" started-at="2020-09-11T11:20:46Z" finished-at="2020-09-11T11:20:56Z">
          <params>
            <param index="0">
              <value>
                <![CDATA[firefox]]>
              </value>
            </param>
            <param index="1">
              <value>
                <![CDATA[src/test/resources/geckodriver.exe]]>
              </value>
            </param>
            <param index="2">
              <value>
                <![CDATA[3.X]]>
              </value>
            </param>
          </params>
          <reporter-output>
          </reporter-output>
        </test-method> <!-- init -->
        <test-method status="PASS" signature="failtest(java.lang.String, java.lang.String, java.lang.String, java.lang.String, java.lang.String)[pri:0, instance:com.t.webauto.web.RegisterPage2@6b57696f]" name="failtest" duration-ms="1243" started-at="2020-09-11T11:20:56Z" data-provider="datas" finished-at="2020-09-11T11:20:58Z">
          <params>
            <param index="0">
              <value>
                <![CDATA[s9]]>
              </value>
            </param>
            <param index="1">
              <value>
                <![CDATA[]]>
              </value>
            </param>
            <param index="2">
              <value>
                <![CDATA[]]>
              </value>
            </param>
            <param index="3">
              <value>
                <![CDATA[]]>
              </value>
            </param>
            <param index="4">
              <value>
                <![CDATA[用户名不得小于 3 个字符]]>
              </value>
            </param>
          </params>
          <reporter-output>
          </reporter-output>
        </test-method> <!-- failtest -->
        <test-method status="PASS" signature="failtest(java.lang.String, java.lang.String, java.lang.String, java.lang.String, java.lang.String)[pri:0, instance:com.t.webauto.web.RegisterPage2@6b57696f]" name="failtest" duration-ms="900" started-at="2020-09-11T11:20:58Z" data-provider="datas" finished-at="2020-09-11T11:20:59Z">
          <params>
            <param index="0">
              <value>
                <![CDATA[s903]]>
              </value>
            </param>
            <param index="1">
              <value>
                <![CDATA[d]]>
              </value>
            </param>
            <param index="2">
              <value>
                <![CDATA[]]>
              </value>
            </param>
            <param index="3">
              <value>
                <![CDATA[]]>
              </value>
            </param>
            <param index="4">
              <value>
                <![CDATA[密码太短，不得少于 6 个字符]]>
              </value>
            </param>
          </params>
          <reporter-output>
          </reporter-output>
        </test-method> <!-- failtest -->
        <test-method status="PASS" signature="failtest(java.lang.String, java.lang.String, java.lang.String, java.lang.String, java.lang.String)[pri:0, instance:com.t.webauto.web.RegisterPage2@6b57696f]" name="failtest" duration-ms="999" started-at="2020-09-11T11:20:59Z" data-provider="datas" finished-at="2020-09-11T11:21:00Z">
          <params>
            <param index="0">
              <value>
                <![CDATA[s903]]>
              </value>
            </param>
            <param index="1">
              <value>
                <![CDATA[123456]]>
              </value>
            </param>
            <param index="2">
              <value>
                <![CDATA[1234567]]>
              </value>
            </param>
            <param index="3">
              <value>
                <![CDATA[]]>
              </value>
            </param>
            <param index="4">
              <value>
                <![CDATA[两次输入的密码不一致]]>
              </value>
            </param>
          </params>
          <reporter-output>
          </reporter-output>
        </test-method> <!-- failtest -->
        <test-method status="FAIL" signature="failtest(java.lang.String, java.lang.String, java.lang.String, java.lang.String, java.lang.String)[pri:0, instance:com.t.webauto.web.RegisterPage2@6b57696f]" name="failtest" duration-ms="897" started-at="2020-09-11T11:21:00Z" data-provider="datas" finished-at="2020-09-11T11:21:00Z">
          <params>
            <param index="0">
              <value>
                <![CDATA[s903]]>
              </value>
            </param>
            <param index="1">
              <value>
                <![CDATA[123456]]>
              </value>
            </param>
            <param index="2">
              <value>
                <![CDATA[123456]]>
              </value>
            </param>
            <param index="3">
              <value>
                <![CDATA[a]]>
              </value>
            </param>
            <param index="4">
              <value>
                <![CDATA[Email 地址无效]]>
              </value>
            </param>
          </params>
          <exception class="org.openqa.selenium.WebDriverException">
            <message>
              <![CDATA[Element is not clickable at point (411.08331298828125, 473.8999938964844). Other element would receive the click: <a class="" href="javascript:;" onmouseover="emailMenuOp(5)" onclick="$(stmp['email']).value=this.innerHTML;display('emailmore_menu');checkemail(stmp['email']);"></a>
Command duration or timeout: 81 milliseconds
Build info: version: '2.53.0', revision: '35ae25b1534ae328c771e0856c93e187490ca824', time: '2016-03-15 10:43:46'
System info: host: 'DESKTOP-C3E06PS', ip: '169.254.138.216', os.name: 'Windows 10', os.arch: 'amd64', os.version: '10.0', java.version: '1.8.0_152'
Driver info: org.openqa.selenium.firefox.FirefoxDriver
Capabilities [{applicationCacheEnabled=true, rotatable=false, handlesAlerts=true, databaseEnabled=true, version=46.0, platform=WINDOWS, nativeEvents=false, acceptSslCerts=true, webStorageEnabled=true, locationContextEnabled=true, browserName=firefox, takesScreenshot=true, javascriptEnabled=true, cssSelectorsEnabled=true}]
Session ID: 9e90cbef-c2d5-4709-b201-a66edbf4b48b]]>
            </message>
            <full-stacktrace>
              <![CDATA[org.openqa.selenium.WebDriverException: Element is not clickable at point (411.08331298828125, 473.8999938964844). Other element would receive the click: <a class="" href="javascript:;" onmouseover="emailMenuOp(5)" onclick="$(stmp['email']).value=this.innerHTML;display('emailmore_menu');checkemail(stmp['email']);"></a>
Command duration or timeout: 81 milliseconds
Build info: version: '2.53.0', revision: '35ae25b1534ae328c771e0856c93e187490ca824', time: '2016-03-15 10:43:46'
System info: host: 'DESKTOP-C3E06PS', ip: '169.254.138.216', os.name: 'Windows 10', os.arch: 'amd64', os.version: '10.0', java.version: '1.8.0_152'
Driver info: org.openqa.selenium.firefox.FirefoxDriver
Capabilities [{applicationCacheEnabled=true, rotatable=false, handlesAlerts=true, databaseEnabled=true, version=46.0, platform=WINDOWS, nativeEvents=false, acceptSslCerts=true, webStorageEnabled=true, locationContextEnabled=true, browserName=firefox, takesScreenshot=true, javascriptEnabled=true, cssSelectorsEnabled=true}]
Session ID: 9e90cbef-c2d5-4709-b201-a66edbf4b48b
	at sun.reflect.NativeConstructorAccessorImpl.newInstance0(Native Method)
	at sun.reflect.NativeConstructorAccessorImpl.newInstance(NativeConstructorAccessorImpl.java:62)
	at sun.reflect.DelegatingConstructorAccessorImpl.newInstance(DelegatingConstructorAccessorImpl.java:45)
	at java.lang.reflect.Constructor.newInstance(Constructor.java:423)
	at org.openqa.selenium.remote.ErrorHandler.createThrowable(ErrorHandler.java:206)
	at org.openqa.selenium.remote.ErrorHandler.throwIfResponseFailed(ErrorHandler.java:158)
	at org.openqa.selenium.remote.RemoteWebDriver.execute(RemoteWebDriver.java:678)
	at org.openqa.selenium.remote.RemoteWebElement.execute(RemoteWebElement.java:327)
	at org.openqa.selenium.remote.RemoteWebElement.click(RemoteWebElement.java:85)
	at com.t.webauto.web.RegisterPage2.click(RegisterPage2.java:109)
	at com.t.webauto.web.RegisterPage2.failtest(RegisterPage2.java:44)
	at sun.reflect.NativeMethodAccessorImpl.invoke0(Native Method)
	at sun.reflect.NativeMethodAccessorImpl.invoke(NativeMethodAccessorImpl.java:62)
	at sun.reflect.DelegatingMethodAccessorImpl.invoke(DelegatingMethodAccessorImpl.java:43)
	at java.lang.reflect.Method.invoke(Method.java:498)
	at org.testng.internal.MethodInvocationHelper.invokeMethod(MethodInvocationHelper.java:85)
	at org.testng.internal.Invoker.invokeMethod(Invoker.java:639)
	at org.testng.internal.Invoker.invokeTestMethod(Invoker.java:821)
	at org.testng.internal.Invoker.invokeTestMethods(Invoker.java:1131)
	at org.testng.internal.TestMethodWorker.invokeTestMethods(TestMethodWorker.java:125)
	at org.testng.internal.TestMethodWorker.run(TestMethodWorker.java:108)
	at org.testng.TestRunner.privateRun(TestRunner.java:773)
	at org.testng.TestRunner.run(TestRunner.java:623)
	at org.testng.SuiteRunner.runTest(SuiteRunner.java:357)
	at org.testng.SuiteRunner.runSequentially(SuiteRunner.java:352)
	at org.testng.SuiteRunner.privateRun(SuiteRunner.java:310)
	at org.testng.SuiteRunner.run(SuiteRunner.java:259)
	at org.testng.SuiteRunnerWorker.runSuite(SuiteRunnerWorker.java:52)
	at org.testng.SuiteRunnerWorker.run(SuiteRunnerWorker.java:86)
	at org.testng.TestNG.runSuitesSequentially(TestNG.java:1185)
	at org.testng.TestNG.runSuitesLocally(TestNG.java:1110)
	at org.testng.TestNG.run(TestNG.java:1018)
	at org.testng.remote.AbstractRemoteTestNG.run(AbstractRemoteTestNG.java:115)
	at org.testng.remote.RemoteTestNG.initAndRun(RemoteTestNG.java:251)
	at org.testng.remote.RemoteTestNG.main(RemoteTestNG.java:77)
]]>
            </full-stacktrace>
          </exception> <!-- org.openqa.selenium.WebDriverException -->
          <reporter-output>
            <line>
              <![CDATA[<img src='http://localhost:8088/surefire-reports/screenshot/registerTest/2020-09-11/1599794460964.jpg' width='100' height='100'><a href='http://localhost:8088/surefire-reports/screenshot/registerTest/2020-09-11/1599794460964.jpg' target='_blank'>查看大图 </a></img>]]>
            </line>
            <line>
              <![CDATA[<img src='http://localhost:8088/surefire-reports/screenshot/registerTest/2020-09-11/1599794461097.jpg' width='100' height='100'><a href='http://localhost:8088/surefire-reports/screenshot/registerTest/2020-09-11/1599794461097.jpg' target='_blank'>查看大图 </a></img>]]>
            </line>
          </reporter-output>
        </test-method> <!-- failtest -->
        <test-method status="PASS" signature="tearDown()[pri:0, instance:com.t.webauto.web.RegisterPage2@6b57696f]" name="tearDown" is-config="true" duration-ms="3092" started-at="2020-09-11T11:21:01Z" finished-at="2020-09-11T11:21:04Z">
          <reporter-output>
          </reporter-output>
        </test-method> <!-- tearDown -->
      </class> <!-- com.t.webauto.web.RegisterPage2 -->
    </test> <!-- registerTest -->
  </suite> <!-- 后台管理系统 -->
</testng-results>
